Arguments: 
  /Users/abc/.nvm/versions/node/v14.18.2/bin/node /usr/local/bin/yarn

PATH: 
  /Users/abc/.cabal/bin:/Users/abc/.ghcup/bin:/Users/abc/.nvm/versions/node/v14.18.2/bin:/Users/abc/bin:/usr/local/bin:/usr/local/bin:/usr/bin:/bin:/usr/sbin:/sbin:/Users/abc/.cabal/bin:/Users/abc/.ghcup/bin:/Users/abc/.nvm/versions/node/v14.18.2/bin:/Users/abc/bin:/opt/homebrew/bin:/opt/homebrew/sbin:/Users/abc/.cargo/bin:/Users/abc/cardano-src/cardano-node-1.27.0-macos:/Users/abc/mongodb:/Users/abc/.cargo/bin:/opt/homebrew/bin:/Users/abc/cardano-src/cardano-node-1.27.0-macos:/Users/abc/mongodb

Yarn version: 
  1.22.10

Node version: 
  14.18.2

Platform: 
  darwin arm64

Trace: 
  Error: https://github.com/hugomrdias/ndjson: ESOCKETTIMEDOUT
      at ClientRequest.<anonymous> (/usr/local/lib/node_modules/yarn/lib/cli.js:141289:19)
      at Object.onceWrapper (events.js:519:28)
      at ClientRequest.emit (events.js:400:28)
      at TLSSocket.emitRequestTimeout (_http_client.js:790:9)
      at Object.onceWrapper (events.js:519:28)
      at TLSSocket.emit (events.js:412:35)
      at TLSSocket.Socket._onTimeout (net.js:495:8)
      at listOnTimeout (internal/timers.js:557:17)
      at processTimers (internal/timers.js:500:7)

npm manifest: 
  {
    "name": "metaSogaMarketplace",
    "license": "UNLICENSED",
    "scripts": {
      "codegen": "graph codegen",
      "build": "graph build",
      "deploy": "graph deploy --node https://api.thegraph.com/deploy/ IhsotasTon/metaSogaMarketplace",
      "create-local": "graph create --node http://localhost:8020/ IhsotasTon/metaSogaMarketplace",
      "remove-local": "graph remove --node http://localhost:8020/ IhsotasTon/metaSogaMarketplace",
      "deploy-local": "graph deploy --node http://localhost:8020/ --ipfs http://localhost:5001 IhsotasTon/metaSogaMarketplace"
    },
    "dependencies": {
      "@graphprotocol/graph-cli": "0.22.3",
      "@graphprotocol/graph-ts": "0.22.1"
    }
  }

yarn manifest: 
  No manifest

Lockfile: 
  No lockfile
